
2024-09-24T22:46:04+03:00 [INFO] File uploaded

2024-09-24T22:46:04+03:00 [ERROR] User logged in

2024-09-24T22:46:04+03:00 [INFO] Invalid input received

2024-09-24T22:46:04+03:00 [DEBUG] Error processing request

2024-09-24T22:46:04+03:00 [ERROR] User logged in

2024-09-24T22:46:04+03:00 [DEBUG] Database connection established

2024-09-24T22:46:04+03:00 [ERROR] User logged out

2024-09-24T22:46:04+03:00 [ERROR] Database connection established

2024-09-24T22:46:05+03:00 [DEBUG] File uploaded

2024-09-24T22:46:05+03:00 [DEBUG] User logged out

2024-09-24T22:46:05+03:00 [ERROR] Invalid input received

2024-09-24T22:46:05+03:00 [DEBUG] Error processing request

2024-09-24T22:46:05+03:00 [ERROR] User logged in

2024-09-24T22:46:05+03:00 [DEBUG] Invalid input received

2024-09-24T22:46:05+03:00 [DEBUG] File uploaded

2024-09-24T22:46:05+03:00 [DEBUG] User logged in

2024-09-24T22:46:05+03:00 [INFO] Database connection established

2024-09-24T22:46:06+03:00 [INFO] File uploaded

2024-09-24T22:46:06+03:00 [DEBUG] File uploaded

2024-09-24T22:46:06+03:00 [INFO] Error processing request

2024-09-24T22:46:06+03:00 [DEBUG] User logged out

2024-09-24T22:46:06+03:00 [DEBUG] User logged out

2024-09-24T22:46:06+03:00 [DEBUG] Invalid input received

2024-09-24T22:46:06+03:00 [DEBUG] User logged in

2024-09-24T22:46:06+03:00 [DEBUG] File uploaded

2024-09-24T22:46:06+03:00 [DEBUG] File uploaded

2024-09-24T22:46:06+03:00 [ERROR] User logged out

2024-09-24T22:46:07+03:00 [DEBUG] Error processing request

2024-09-24T22:46:07+03:00 [ERROR] Error processing request

2024-09-24T22:46:07+03:00 [ERROR] User logged in

2024-09-24T22:46:07+03:00 [INFO] Database connection established

2024-09-24T22:46:07+03:00 [DEBUG] User logged in

2024-09-24T22:46:07+03:00 [INFO] Error processing request

2024-09-24T22:46:07+03:00 [DEBUG] User logged in

2024-09-24T22:46:07+03:00 [ERROR] Error processing request

2024-09-24T22:46:07+03:00 [ERROR] File uploaded

2024-09-24T22:46:07+03:00 [DEBUG] Error processing request

2024-09-24T22:46:08+03:00 [DEBUG] Invalid input received

2024-09-24T22:46:08+03:00 [ERROR] User logged in

2024-09-24T22:46:08+03:00 [DEBUG] File uploaded

2024-09-24T22:46:08+03:00 [DEBUG] Invalid input received

2024-09-24T22:46:08+03:00 [DEBUG] File uploaded

2024-09-24T22:46:08+03:00 [ERROR] File uploaded

2024-09-24T22:46:08+03:00 [DEBUG] File uploaded

2024-09-24T22:46:08+03:00 [INFO] User logged in

2024-09-24T22:46:08+03:00 [INFO] User logged in

2024-09-24T22:46:08+03:00 [INFO] Database connection established

2024-09-24T22:46:09+03:00 [DEBUG] Invalid input received

2024-09-24T22:46:09+03:00 [DEBUG] Invalid input received

2024-09-24T22:46:09+03:00 [DEBUG] File uploaded

2024-09-24T22:46:09+03:00 [INFO] Invalid input received

2024-09-24T22:46:09+03:00 [INFO] User logged out

2024-09-24T22:46:09+03:00 [DEBUG] User logged in

2024-09-24T22:46:09+03:00 [DEBUG] User logged in

2024-09-24T22:46:09+03:00 [DEBUG] User logged in

2024-09-24T22:46:09+03:00 [ERROR] File uploaded

2024-09-24T22:46:09+03:00 [ERROR] Error processing request

2024-09-24T22:46:10+03:00 [DEBUG] Database connection established

2024-09-24T22:46:10+03:00 [DEBUG] User logged in

2024-09-24T22:46:10+03:00 [DEBUG] File uploaded

2024-09-24T22:46:10+03:00 [INFO] File uploaded

2024-09-24T22:46:10+03:00 [DEBUG] User logged out

2024-09-24T22:46:10+03:00 [DEBUG] File uploaded

2024-09-24T22:46:10+03:00 [INFO] Error processing request

2024-09-24T22:46:10+03:00 [DEBUG] Database connection established

2024-09-24T22:46:10+03:00 [DEBUG] Invalid input received

2024-09-24T22:46:10+03:00 [ERROR] Database connection established

2024-09-24T22:46:11+03:00 [INFO] Database connection established

2024-09-24T22:46:11+03:00 [ERROR] Error processing request

2024-09-24T22:46:11+03:00 [DEBUG] File uploaded

2024-09-24T22:46:11+03:00 [ERROR] User logged out

2024-09-24T22:46:11+03:00 [ERROR] Database connection established

2024-09-24T22:46:11+03:00 [DEBUG] Error processing request

2024-09-24T22:46:11+03:00 [DEBUG] User logged out

2024-09-24T22:46:11+03:00 [DEBUG] Database connection established

2024-09-24T22:46:11+03:00 [INFO] Database connection established

2024-09-24T22:46:11+03:00 [INFO] File uploaded

2024-09-24T22:46:12+03:00 [DEBUG] Database connection established

2024-09-24T22:46:12+03:00 [ERROR] User logged in

2024-09-24T22:46:12+03:00 [INFO] User logged out

2024-09-24T22:46:12+03:00 [INFO] User logged out

2024-09-24T22:46:12+03:00 [ERROR] Database connection established

2024-09-24T22:46:12+03:00 [DEBUG] File uploaded

2024-09-24T22:46:12+03:00 [ERROR] User logged out

2024-09-24T22:46:12+03:00 [DEBUG] File uploaded

2024-09-24T22:46:12+03:00 [INFO] Error processing request

2024-09-24T22:46:12+03:00 [ERROR] User logged out

2024-09-24T22:46:13+03:00 [ERROR] User logged in

2024-09-24T22:46:13+03:00 [ERROR] Error processing request

2024-09-24T22:46:13+03:00 [ERROR] Database connection established

2024-09-24T22:46:13+03:00 [DEBUG] File uploaded

2024-09-24T22:46:13+03:00 [DEBUG] File uploaded

2024-09-24T22:46:13+03:00 [ERROR] Invalid input received

2024-09-24T22:46:13+03:00 [INFO] Database connection established

2024-09-24T22:46:13+03:00 [INFO] Invalid input received

2024-09-24T22:46:13+03:00 [ERROR] User logged out

2024-09-24T22:46:13+03:00 [INFO] User logged out

2024-09-24T22:46:14+03:00 [ERROR] File uploaded

2024-09-24T22:46:14+03:00 [ERROR] User logged in

2024-09-24T22:46:14+03:00 [INFO] Error processing request

