


024-09-24T22:46:04+03:00 [INFO] File uploaded
024-09-24T22:46:04+03:00 [INFO] File uploaded
024-09-24T22:46:04+03:00 [INFO] File uploaded



024-09-24T22:46:04+03:00 [ERROR] User logged 
024-09-24T22:46:04+03:00 [ERROR] User logged 
024-09-24T22:46:04+03:00 [ERROR] User logged 



024-09-24T22:46:04+03:00 [INFO] Invalid input
024-09-24T22:46:04+03:00 [INFO] Invalid input
024-09-24T22:46:04+03:00 [INFO] Invalid input



024-09-24T22:46:04+03:00 [DEBUG] Error proces
024-09-24T22:46:04+03:00 [DEBUG] Error proces
024-09-24T22:46:04+03:00 [DEBUG] Error proces



024-09-24T22:46:04+03:00 [ERROR] User logged 
024-09-24T22:46:04+03:00 [ERROR] User logged 
024-09-24T22:46:04+03:00 [ERROR] User logged 



024-09-24T22:46:04+03:00 [DEBUG] Database con
024-09-24T22:46:04+03:00 [DEBUG] Database con
024-09-24T22:46:04+03:00 [DEBUG] Database con



024-09-24T22:46:04+03:00 [ERROR] User logged 
024-09-24T22:46:04+03:00 [ERROR] User logged 
024-09-24T22:46:04+03:00 [ERROR] User logged 



024-09-24T22:46:04+03:00 [ERROR] Database con
024-09-24T22:46:04+03:00 [ERROR] Database con
024-09-24T22:46:04+03:00 [ERROR] Database con



024-09-24T22:46:05+03:00 [DEBUG] File uploade
024-09-24T22:46:05+03:00 [DEBUG] File uploade
024-09-24T22:46:05+03:00 [DEBUG] File uploade



024-09-24T22:46:05+03:00 [DEBUG] User logged 
024-09-24T22:46:05+03:00 [DEBUG] User logged 
024-09-24T22:46:05+03:00 [DEBUG] User logged 



024-09-24T22:46:05+03:00 [ERROR] Invalid inpu
024-09-24T22:46:05+03:00 [ERROR] Invalid inpu
024-09-24T22:46:05+03:00 [ERROR] Invalid inpu



024-09-24T22:46:05+03:00 [DEBUG] Error proces
024-09-24T22:46:05+03:00 [DEBUG] Error proces
024-09-24T22:46:05+03:00 [DEBUG] Error proces



024-09-24T22:46:05+03:00 [ERROR] User logged 
024-09-24T22:46:05+03:00 [ERROR] User logged 
024-09-24T22:46:05+03:00 [ERROR] User logged 



024-09-24T22:46:05+03:00 [DEBUG] Invalid inpu
024-09-24T22:46:05+03:00 [DEBUG] Invalid inpu
024-09-24T22:46:05+03:00 [DEBUG] Invalid inpu



024-09-24T22:46:05+03:00 [DEBUG] File uploade
024-09-24T22:46:05+03:00 [DEBUG] File uploade
024-09-24T22:46:05+03:00 [DEBUG] File uploade



024-09-24T22:46:05+03:00 [DEBUG] User logged 
024-09-24T22:46:05+03:00 [DEBUG] User logged 
024-09-24T22:46:05+03:00 [DEBUG] User logged 



024-09-24T22:46:05+03:00 [INFO] Database conn
024-09-24T22:46:05+03:00 [INFO] Database conn
024-09-24T22:46:05+03:00 [INFO] Database conn



024-09-24T22:46:06+03:00 [INFO] File uploaded
024-09-24T22:46:06+03:00 [INFO] File uploaded
024-09-24T22:46:06+03:00 [INFO] File uploaded



024-09-24T22:46:06+03:00 [DEBUG] File uploade
024-09-24T22:46:06+03:00 [DEBUG] File uploade
024-09-24T22:46:06+03:00 [DEBUG] File uploade



024-09-24T22:46:06+03:00 [INFO] Error process
024-09-24T22:46:06+03:00 [INFO] Error process
024-09-24T22:46:06+03:00 [INFO] Error process



024-09-24T22:46:06+03:00 [DEBUG] User logged 
024-09-24T22:46:06+03:00 [DEBUG] User logged 
024-09-24T22:46:06+03:00 [DEBUG] User logged 



024-09-24T22:46:06+03:00 [DEBUG] User logged 
024-09-24T22:46:06+03:00 [DEBUG] User logged 
024-09-24T22:46:06+03:00 [DEBUG] User logged 



024-09-24T22:46:06+03:00 [DEBUG] Invalid inpu
024-09-24T22:46:06+03:00 [DEBUG] Invalid inpu
024-09-24T22:46:06+03:00 [DEBUG] Invalid inpu



024-09-24T22:46:06+03:00 [DEBUG] User logged 
024-09-24T22:46:06+03:00 [DEBUG] User logged 
024-09-24T22:46:06+03:00 [DEBUG] User logged 



024-09-24T22:46:06+03:00 [DEBUG] File uploade
024-09-24T22:46:06+03:00 [DEBUG] File uploade
024-09-24T22:46:06+03:00 [DEBUG] File uploade



024-09-24T22:46:06+03:00 [DEBUG] File uploade
024-09-24T22:46:06+03:00 [DEBUG] File uploade
024-09-24T22:46:06+03:00 [DEBUG] File uploade



024-09-24T22:46:06+03:00 [ERROR] User logged 
024-09-24T22:46:06+03:00 [ERROR] User logged 
024-09-24T22:46:06+03:00 [ERROR] User logged 



024-09-24T22:46:07+03:00 [DEBUG] Error proces
024-09-24T22:46:07+03:00 [DEBUG] Error proces
024-09-24T22:46:07+03:00 [DEBUG] Error proces



024-09-24T22:46:07+03:00 [ERROR] Error proces
024-09-24T22:46:07+03:00 [ERROR] Error proces
024-09-24T22:46:07+03:00 [ERROR] Error proces



024-09-24T22:46:07+03:00 [ERROR] User logged 
024-09-24T22:46:07+03:00 [ERROR] User logged 
024-09-24T22:46:07+03:00 [ERROR] User logged 



024-09-24T22:46:07+03:00 [INFO] Database conn
024-09-24T22:46:07+03:00 [INFO] Database conn
024-09-24T22:46:07+03:00 [INFO] Database conn



024-09-24T22:46:07+03:00 [DEBUG] User logged 
024-09-24T22:46:07+03:00 [DEBUG] User logged 
024-09-24T22:46:07+03:00 [DEBUG] User logged 



024-09-24T22:46:07+03:00 [INFO] Error process
024-09-24T22:46:07+03:00 [INFO] Error process
024-09-24T22:46:07+03:00 [INFO] Error process



024-09-24T22:46:07+03:00 [DEBUG] User logged 
024-09-24T22:46:07+03:00 [DEBUG] User logged 
024-09-24T22:46:07+03:00 [DEBUG] User logged 



024-09-24T22:46:07+03:00 [ERROR] Error proces
024-09-24T22:46:07+03:00 [ERROR] Error proces
024-09-24T22:46:07+03:00 [ERROR] Error proces



024-09-24T22:46:07+03:00 [ERROR] File uploade
024-09-24T22:46:07+03:00 [ERROR] File uploade
024-09-24T22:46:07+03:00 [ERROR] File uploade



024-09-24T22:46:07+03:00 [DEBUG] Error proces
024-09-24T22:46:07+03:00 [DEBUG] Error proces
024-09-24T22:46:07+03:00 [DEBUG] Error proces



024-09-24T22:46:08+03:00 [DEBUG] Invalid inpu
024-09-24T22:46:08+03:00 [DEBUG] Invalid inpu
024-09-24T22:46:08+03:00 [DEBUG] Invalid inpu



024-09-24T22:46:08+03:00 [ERROR] User logged 
024-09-24T22:46:08+03:00 [ERROR] User logged 
024-09-24T22:46:08+03:00 [ERROR] User logged 



024-09-24T22:46:08+03:00 [DEBUG] File uploade
024-09-24T22:46:08+03:00 [DEBUG] File uploade
024-09-24T22:46:08+03:00 [DEBUG] File uploade



024-09-24T22:46:08+03:00 [DEBUG] Invalid inpu
024-09-24T22:46:08+03:00 [DEBUG] Invalid inpu
024-09-24T22:46:08+03:00 [DEBUG] Invalid inpu



024-09-24T22:46:08+03:00 [DEBUG] File uploade
024-09-24T22:46:08+03:00 [DEBUG] File uploade
024-09-24T22:46:08+03:00 [DEBUG] File uploade



024-09-24T22:46:08+03:00 [ERROR] File uploade
024-09-24T22:46:08+03:00 [ERROR] File uploade
024-09-24T22:46:08+03:00 [ERROR] File uploade



024-09-24T22:46:08+03:00 [DEBUG] File uploade
024-09-24T22:46:08+03:00 [DEBUG] File uploade
024-09-24T22:46:08+03:00 [DEBUG] File uploade



024-09-24T22:46:08+03:00 [INFO] User logged i
024-09-24T22:46:08+03:00 [INFO] User logged i
024-09-24T22:46:08+03:00 [INFO] User logged i



024-09-24T22:46:08+03:00 [INFO] User logged i
024-09-24T22:46:08+03:00 [INFO] User logged i
024-09-24T22:46:08+03:00 [INFO] User logged i



024-09-24T22:46:08+03:00 [INFO] Database conn
024-09-24T22:46:08+03:00 [INFO] Database conn
024-09-24T22:46:08+03:00 [INFO] Database conn



024-09-24T22:46:09+03:00 [DEBUG] Invalid inpu
024-09-24T22:46:09+03:00 [DEBUG] Invalid inpu
024-09-24T22:46:09+03:00 [DEBUG] Invalid inpu



024-09-24T22:46:09+03:00 [DEBUG] Invalid inpu
024-09-24T22:46:09+03:00 [DEBUG] Invalid inpu
024-09-24T22:46:09+03:00 [DEBUG] Invalid inpu



024-09-24T22:46:09+03:00 [DEBUG] File uploade
024-09-24T22:46:09+03:00 [DEBUG] File uploade
024-09-24T22:46:09+03:00 [DEBUG] File uploade



024-09-24T22:46:09+03:00 [INFO] Invalid input
024-09-24T22:46:09+03:00 [INFO] Invalid input
024-09-24T22:46:09+03:00 [INFO] Invalid input



024-09-24T22:46:09+03:00 [INFO] User logged o
024-09-24T22:46:09+03:00 [INFO] User logged o
024-09-24T22:46:09+03:00 [INFO] User logged o



024-09-24T22:46:09+03:00 [DEBUG] User logged 
024-09-24T22:46:09+03:00 [DEBUG] User logged 
024-09-24T22:46:09+03:00 [DEBUG] User logged 



024-09-24T22:46:09+03:00 [DEBUG] User logged 
024-09-24T22:46:09+03:00 [DEBUG] User logged 
024-09-24T22:46:09+03:00 [DEBUG] User logged 



024-09-24T22:46:09+03:00 [DEBUG] User logged 
024-09-24T22:46:09+03:00 [DEBUG] User logged 
024-09-24T22:46:09+03:00 [DEBUG] User logged 



024-09-24T22:46:09+03:00 [ERROR] File uploade
024-09-24T22:46:09+03:00 [ERROR] File uploade
024-09-24T22:46:09+03:00 [ERROR] File uploade



024-09-24T22:46:09+03:00 [ERROR] Error proces
024-09-24T22:46:09+03:00 [ERROR] Error proces
024-09-24T22:46:09+03:00 [ERROR] Error proces



024-09-24T22:46:10+03:00 [DEBUG] Database con
024-09-24T22:46:10+03:00 [DEBUG] Database con
024-09-24T22:46:10+03:00 [DEBUG] Database con



024-09-24T22:46:10+03:00 [DEBUG] User logged 
024-09-24T22:46:10+03:00 [DEBUG] User logged 
024-09-24T22:46:10+03:00 [DEBUG] User logged 



024-09-24T22:46:10+03:00 [DEBUG] File uploade
024-09-24T22:46:10+03:00 [DEBUG] File uploade
024-09-24T22:46:10+03:00 [DEBUG] File uploade



024-09-24T22:46:10+03:00 [INFO] File uploaded
024-09-24T22:46:10+03:00 [INFO] File uploaded
024-09-24T22:46:10+03:00 [INFO] File uploaded



024-09-24T22:46:10+03:00 [DEBUG] User logged 
024-09-24T22:46:10+03:00 [DEBUG] User logged 
024-09-24T22:46:10+03:00 [DEBUG] User logged 



024-09-24T22:46:10+03:00 [DEBUG] File uploade
024-09-24T22:46:10+03:00 [DEBUG] File uploade
024-09-24T22:46:10+03:00 [DEBUG] File uploade



024-09-24T22:46:10+03:00 [INFO] Error process
024-09-24T22:46:10+03:00 [INFO] Error process
024-09-24T22:46:10+03:00 [INFO] Error process



024-09-24T22:46:10+03:00 [DEBUG] Database con
024-09-24T22:46:10+03:00 [DEBUG] Database con
024-09-24T22:46:10+03:00 [DEBUG] Database con



024-09-24T22:46:10+03:00 [DEBUG] Invalid inpu
024-09-24T22:46:10+03:00 [DEBUG] Invalid inpu
024-09-24T22:46:10+03:00 [DEBUG] Invalid inpu



024-09-24T22:46:10+03:00 [ERROR] Database con
024-09-24T22:46:10+03:00 [ERROR] Database con
024-09-24T22:46:10+03:00 [ERROR] Database con



024-09-24T22:46:11+03:00 [INFO] Database conn
024-09-24T22:46:11+03:00 [INFO] Database conn
024-09-24T22:46:11+03:00 [INFO] Database conn



024-09-24T22:46:11+03:00 [ERROR] Error proces
024-09-24T22:46:11+03:00 [ERROR] Error proces
024-09-24T22:46:11+03:00 [ERROR] Error proces



024-09-24T22:46:11+03:00 [DEBUG] File uploade
024-09-24T22:46:11+03:00 [DEBUG] File uploade
024-09-24T22:46:11+03:00 [DEBUG] File uploade



024-09-24T22:46:11+03:00 [ERROR] User logged 
024-09-24T22:46:11+03:00 [ERROR] User logged 
024-09-24T22:46:11+03:00 [ERROR] User logged 



024-09-24T22:46:11+03:00 [ERROR] Database con
024-09-24T22:46:11+03:00 [ERROR] Database con
024-09-24T22:46:11+03:00 [ERROR] Database con



024-09-24T22:46:11+03:00 [DEBUG] Error proces
024-09-24T22:46:11+03:00 [DEBUG] Error proces
024-09-24T22:46:11+03:00 [DEBUG] Error proces



024-09-24T22:46:11+03:00 [DEBUG] User logged 
024-09-24T22:46:11+03:00 [DEBUG] User logged 
024-09-24T22:46:11+03:00 [DEBUG] User logged 



024-09-24T22:46:11+03:00 [DEBUG] Database con
024-09-24T22:46:11+03:00 [DEBUG] Database con
024-09-24T22:46:11+03:00 [DEBUG] Database con



024-09-24T22:46:11+03:00 [INFO] Database conn
024-09-24T22:46:11+03:00 [INFO] Database conn
024-09-24T22:46:11+03:00 [INFO] Database conn



024-09-24T22:46:11+03:00 [INFO] File uploaded
024-09-24T22:46:11+03:00 [INFO] File uploaded
024-09-24T22:46:11+03:00 [INFO] File uploaded



024-09-24T22:46:12+03:00 [DEBUG] Database con
024-09-24T22:46:12+03:00 [DEBUG] Database con
024-09-24T22:46:12+03:00 [DEBUG] Database con



024-09-24T22:46:12+03:00 [ERROR] User logged 
024-09-24T22:46:12+03:00 [ERROR] User logged 
024-09-24T22:46:12+03:00 [ERROR] User logged 



024-09-24T22:46:12+03:00 [INFO] User logged o
024-09-24T22:46:12+03:00 [INFO] User logged o
024-09-24T22:46:12+03:00 [INFO] User logged o



024-09-24T22:46:12+03:00 [INFO] User logged o
024-09-24T22:46:12+03:00 [INFO] User logged o
024-09-24T22:46:12+03:00 [INFO] User logged o



024-09-24T22:46:12+03:00 [ERROR] Database con
024-09-24T22:46:12+03:00 [ERROR] Database con
024-09-24T22:46:12+03:00 [ERROR] Database con



024-09-24T22:46:12+03:00 [DEBUG] File uploade
024-09-24T22:46:12+03:00 [DEBUG] File uploade
024-09-24T22:46:12+03:00 [DEBUG] File uploade



024-09-24T22:46:12+03:00 [ERROR] User logged 
024-09-24T22:46:12+03:00 [ERROR] User logged 
024-09-24T22:46:12+03:00 [ERROR] User logged 



024-09-24T22:46:12+03:00 [DEBUG] File uploade
024-09-24T22:46:12+03:00 [DEBUG] File uploade
024-09-24T22:46:12+03:00 [DEBUG] File uploade



024-09-24T22:46:12+03:00 [INFO] Error process
024-09-24T22:46:12+03:00 [INFO] Error process
024-09-24T22:46:12+03:00 [INFO] Error process



024-09-24T22:46:12+03:00 [ERROR] User logged 
024-09-24T22:46:12+03:00 [ERROR] User logged 
024-09-24T22:46:12+03:00 [ERROR] User logged 



024-09-24T22:46:13+03:00 [ERROR] User logged 
024-09-24T22:46:13+03:00 [ERROR] User logged 
024-09-24T22:46:13+03:00 [ERROR] User logged 



024-09-24T22:46:13+03:00 [ERROR] Error proces
024-09-24T22:46:13+03:00 [ERROR] Error proces
024-09-24T22:46:13+03:00 [ERROR] Error proces



024-09-24T22:46:13+03:00 [ERROR] Database con
024-09-24T22:46:13+03:00 [ERROR] Database con
024-09-24T22:46:13+03:00 [ERROR] Database con



024-09-24T22:46:13+03:00 [DEBUG] File uploade
024-09-24T22:46:13+03:00 [DEBUG] File uploade
024-09-24T22:46:13+03:00 [DEBUG] File uploade



024-09-24T22:46:13+03:00 [DEBUG] File uploade
024-09-24T22:46:13+03:00 [DEBUG] File uploade
024-09-24T22:46:13+03:00 [DEBUG] File uploade



024-09-24T22:46:13+03:00 [ERROR] Invalid inpu
024-09-24T22:46:13+03:00 [ERROR] Invalid inpu
024-09-24T22:46:13+03:00 [ERROR] Invalid inpu



024-09-24T22:46:13+03:00 [INFO] Database conn
024-09-24T22:46:13+03:00 [INFO] Database conn
024-09-24T22:46:13+03:00 [INFO] Database conn



024-09-24T22:46:13+03:00 [INFO] Invalid input
024-09-24T22:46:13+03:00 [INFO] Invalid input
024-09-24T22:46:13+03:00 [INFO] Invalid input



024-09-24T22:46:13+03:00 [ERROR] User logged 
024-09-24T22:46:13+03:00 [ERROR] User logged 
024-09-24T22:46:13+03:00 [ERROR] User logged 



024-09-24T22:46:13+03:00 [INFO] User logged o
024-09-24T22:46:13+03:00 [INFO] User logged o
024-09-24T22:46:13+03:00 [INFO] User logged o



024-09-24T22:46:14+03:00 [ERROR] File uploade
024-09-24T22:46:14+03:00 [ERROR] File uploade
024-09-24T22:46:14+03:00 [ERROR] File uploade



024-09-24T22:46:14+03:00 [ERROR] User logged 
024-09-24T22:46:14+03:00 [ERROR] User logged 
024-09-24T22:46:14+03:00 [ERROR] User logged 



024-09-24T22:46:14+03:00 [INFO] Error process
024-09-24T22:46:14+03:00 [INFO] Error process
024-09-24T22:46:14+03:00 [INFO] Error process



