  2024-09-29T15:25:17+03:00 [ERROR] File uploaded - 2
  2024-09-29T15:25:17+03:00 [ERROR] User logged in - 1
  2024-09-29T15:25:17+03:00 [ERROR] Error processing request - 1
  2024-09-29T15:25:17+03:00 [ERROR] Database connection established - 1
  2024-09-29T15:25:18+03:00 [ERROR] File uploaded - 1
  2024-09-29T15:25:19+03:00 [ERROR] User logged in - 1
  2024-09-29T15:25:19+03:00 [ERROR] File uploaded - 1
  2024-09-29T15:25:19+03:00 [ERROR] User logged out - 1
  2024-09-29T15:25:20+03:00 [ERROR] Database connection established - 2
  2024-09-29T15:25:20+03:00 [ERROR] User logged in - 1
  2024-09-29T15:25:20+03:00 [ERROR] User logged out - 2
  2024-09-29T15:25:21+03:00 [ERROR] User logged in - 1
  2024-09-29T15:25:21+03:00 [ERROR] Invalid input received - 1
  2024-09-29T15:25:22+03:00 [ERROR] User logged out - 1
  2024-09-29T15:25:22+03:00 [ERROR] Error processing request - 2
  2024-09-29T15:25:22+03:00 [ERROR] Database connection established - 1
  2024-09-29T15:25:23+03:00 [ERROR] User logged out - 4
  2024-09-29T15:25:23+03:00 [ERROR] Error processing request - 1
  2024-09-29T15:25:23+03:00 [ERROR] File uploaded - 1
  2024-09-29T15:25:24+03:00 [ERROR] Database connection established - 1
