
2024-09-29T17:46:18+03:00 [DEBUG] User logged in

2024-09-29T17:46:18+03:00 [INFO] Database connection established

2024-09-29T17:46:18+03:00 [ERROR] User logged out

2024-09-29T17:46:18+03:00 [ERROR] Error processing request

2024-09-29T17:46:18+03:00 [ERROR] Error processing request

2024-09-29T17:46:18+03:00 [ERROR] Invalid input received

2024-09-29T17:46:19+03:00 [ERROR] User logged out

2024-09-29T17:46:19+03:00 [INFO] File uploaded

2024-09-29T17:46:19+03:00 [DEBUG] File uploaded

2024-09-29T17:46:19+03:00 [INFO] Invalid input received

2024-09-29T17:46:19+03:00 [DEBUG] User logged out

2024-09-29T17:46:19+03:00 [INFO] Database connection established

2024-09-29T17:46:19+03:00 [ERROR] Error processing request

2024-09-29T17:46:19+03:00 [ERROR] File uploaded

2024-09-29T17:46:19+03:00 [INFO] User logged out

2024-09-29T17:46:19+03:00 [INFO] Database connection established

2024-09-29T17:46:20+03:00 [ERROR] User logged out

2024-09-29T17:46:20+03:00 [INFO] Database connection established

2024-09-29T17:46:20+03:00 [INFO] User logged in

2024-09-29T17:46:20+03:00 [DEBUG] User logged in

2024-09-29T17:46:20+03:00 [DEBUG] Error processing request

2024-09-29T17:46:20+03:00 [INFO] Error processing request

2024-09-29T17:46:20+03:00 [DEBUG] Error processing request

2024-09-29T17:46:20+03:00 [INFO] File uploaded

2024-09-29T17:46:20+03:00 [INFO] User logged in

2024-09-29T17:46:20+03:00 [DEBUG] Database connection established

2024-09-29T17:46:21+03:00 [ERROR] File uploaded

2024-09-29T17:46:21+03:00 [DEBUG] Database connection established

2024-09-29T17:46:21+03:00 [ERROR] Database connection established

2024-09-29T17:46:21+03:00 [DEBUG] Invalid input received

2024-09-29T17:46:21+03:00 [DEBUG] File uploaded

2024-09-29T17:46:21+03:00 [INFO] Invalid input received

2024-09-29T17:46:21+03:00 [DEBUG] File uploaded

2024-09-29T17:46:21+03:00 [INFO] Invalid input received

2024-09-29T17:46:21+03:00 [ERROR] User logged in

2024-09-29T17:46:21+03:00 [ERROR] File uploaded

2024-09-29T17:46:22+03:00 [DEBUG] User logged out

2024-09-29T17:46:22+03:00 [INFO] User logged in

2024-09-29T17:46:22+03:00 [DEBUG] Invalid input received

2024-09-29T17:46:22+03:00 [ERROR] File uploaded

2024-09-29T17:46:22+03:00 [ERROR] User logged in

2024-09-29T17:46:22+03:00 [INFO] File uploaded

2024-09-29T17:46:22+03:00 [DEBUG] Database connection established

2024-09-29T17:46:22+03:00 [ERROR] User logged in

2024-09-29T17:46:22+03:00 [INFO] User logged out

2024-09-29T17:46:22+03:00 [ERROR] File uploaded

2024-09-29T17:46:23+03:00 [DEBUG] User logged in

2024-09-29T17:46:23+03:00 [ERROR] User logged in

2024-09-29T17:46:23+03:00 [INFO] Database connection established

2024-09-29T17:46:23+03:00 [ERROR] Invalid input received

2024-09-29T17:46:23+03:00 [DEBUG] User logged out

2024-09-29T17:46:23+03:00 [INFO] File uploaded

2024-09-29T17:46:23+03:00 [INFO] User logged in

2024-09-29T17:46:23+03:00 [DEBUG] Error processing request

2024-09-29T17:46:23+03:00 [ERROR] Invalid input received

2024-09-29T17:46:24+03:00 [ERROR] User logged out

2024-09-29T17:46:24+03:00 [DEBUG] User logged in

2024-09-29T17:46:24+03:00 [INFO] Error processing request

2024-09-29T17:46:24+03:00 [ERROR] Database connection established

2024-09-29T17:46:24+03:00 [ERROR] Error processing request

2024-09-29T17:46:24+03:00 [DEBUG] User logged out

2024-09-29T17:46:24+03:00 [INFO] Invalid input received

2024-09-29T17:46:24+03:00 [ERROR] Invalid input received

2024-09-29T17:46:24+03:00 [ERROR] File uploaded

2024-09-29T17:46:24+03:00 [DEBUG] File uploaded

2024-09-29T17:46:25+03:00 [INFO] User logged out

2024-09-29T17:46:25+03:00 [ERROR] User logged in

2024-09-29T17:46:25+03:00 [INFO] Error processing request

2024-09-29T17:46:25+03:00 [INFO] User logged in

2024-09-29T17:46:25+03:00 [INFO] File uploaded

2024-09-29T17:46:25+03:00 [ERROR] User logged in

2024-09-29T17:46:25+03:00 [DEBUG] Database connection established

2024-09-29T17:46:25+03:00 [DEBUG] File uploaded

2024-09-29T17:46:25+03:00 [ERROR] Error processing request

2024-09-29T17:46:25+03:00 [INFO] User logged out

2024-09-29T17:46:26+03:00 [DEBUG] User logged in

2024-09-29T17:46:26+03:00 [INFO] Invalid input received

2024-09-29T17:46:26+03:00 [INFO] Error processing request

2024-09-29T17:46:26+03:00 [INFO] Database connection established

2024-09-29T17:46:26+03:00 [INFO] Invalid input received

2024-09-29T17:46:26+03:00 [ERROR] Invalid input received

2024-09-29T17:46:26+03:00 [DEBUG] User logged out

2024-09-29T17:46:26+03:00 [ERROR] Invalid input received

2024-09-29T17:46:26+03:00 [DEBUG] Error processing request

2024-09-29T17:46:26+03:00 [ERROR] Invalid input received

2024-09-29T17:46:27+03:00 [ERROR] Error processing request

2024-09-29T17:46:27+03:00 [DEBUG] User logged out

2024-09-29T17:46:27+03:00 [INFO] File uploaded

2024-09-29T17:46:27+03:00 [INFO] Error processing request

2024-09-29T17:46:27+03:00 [ERROR] Database connection established

2024-09-29T17:46:27+03:00 [ERROR] User logged out

2024-09-29T17:46:27+03:00 [DEBUG] User logged in

2024-09-29T17:46:27+03:00 [DEBUG] File uploaded

2024-09-29T17:46:27+03:00 [ERROR] Invalid input received

2024-09-29T17:46:27+03:00 [ERROR] File uploaded

2024-09-29T17:46:28+03:00 [ERROR] User logged in

2024-09-29T17:46:28+03:00 [INFO] File uploaded

2024-09-29T17:46:28+03:00 [DEBUG] File uploaded

2024-09-29T17:46:28+03:00 [INFO] User logged out

2024-09-29T17:46:28+03:00 [DEBUG] User logged in

